-------------------------------------------------------------------------------
Test set: dawid.app.AppdemoApplicationTests
-------------------------------------------------------------------------------
Tests run: 1, Failures: 0, Errors: 1, Skipped: 0, Time elapsed: 0.344 s <<< FAILURE! - in dawid.app.AppdemoApplicationTests
initializationError(dawid.app.AppdemoApplicationTests)  Time elapsed: 0.004 s  <<< ERROR!
java.lang.Exception: No runnable methods

